<?xml version="1.0" encoding="UTF-8"?>
<!-- Generated by org.testng.reporters.JUnitReportReporter -->
<testsuite hostname="DESKTOP-IPCLUFG" failures="0" tests="10" name="com.mindtree.runner.BDDTestRunner" time="268.349" errors="0" timestamp="2022-01-16T17:56:52 IST" skipped="0">
  <testcase classname="com.mindtree.runner.BDDTestRunner" name="runScenario" time="10.244"/>
  <testcase classname="com.mindtree.runner.BDDTestRunner" name="runScenario" time="46.635"/>
  <testcase classname="com.mindtree.runner.BDDTestRunner" name="runScenario" time="19.628"/>
  <testcase classname="com.mindtree.runner.BDDTestRunner" name="runScenario" time="36.432"/>
  <testcase classname="com.mindtree.runner.BDDTestRunner" name="runScenario" time="24.551"/>
  <testcase classname="com.mindtree.runner.BDDTestRunner" name="runScenario" time="24.987"/>
  <testcase classname="com.mindtree.runner.BDDTestRunner" name="runScenario" time="17.737"/>
  <testcase classname="com.mindtree.runner.BDDTestRunner" name="runScenario" time="42.553"/>
  <testcase classname="com.mindtree.runner.BDDTestRunner" name="runScenario" time="15.778"/>
  <testcase classname="com.mindtree.runner.BDDTestRunner" name="runScenario" time="29.804"/>
</testsuite> <!-- com.mindtree.runner.BDDTestRunner -->
